<?xml version="1.0" encoding="UTF-8"?>
<!-- Generated by org.testng.reporters.JUnitXMLReporter -->
<testsuite ignored="6" hostname="Pradeepkulal-PC" failures="1" tests="8" name="Test" time="735.452" errors="0" timestamp="2024-08-02T10:24:27 IST">
  <testcase classname="Sanity.SampleTest" name="notificationMessageInForgotPasswordPageTest" time="21.386"/>
  <testcase classname="Sanity.ForgotPasswordTest" name="verifyTimeDiffrenceBetweenResetPasswordNotificationMessagesInForgotPasswordPage" time="362.372"/>
  <testcase classname="Sanity.ForgotPasswordTest" name="verifyResetPasswordUsingExpiredLink" time="186.199">
    <failure type="java.lang.AssertionError" message="Link is not expired expected [true] but found [false]">
      <![CDATA[java.lang.AssertionError: Link is not expired expected [true] but found [false]
at kycee.PageEvent.GeneratePasswordEvent.verifyExpiredGeneratePasswordPageLink(GeneratePasswordEvent.java:68)
at Sanity.ForgotPasswordTest.verifyResetPasswordUsingExpiredLink(ForgotPasswordTest.java:76)
at java.base/java.util.ArrayList.forEach(ArrayList.java:1511)
... Removed 30 stack frames]]>
    </failure>
  </testcase> <!-- verifyResetPasswordUsingExpiredLink -->
  <testcase classname="Sanity.ForgotPasswordTest" name="verifyFieldErrorMessageInResetPasswordPageTest" time="20.356"/>
  <testcase classname="Sanity.ForgotPasswordTest" name="verifyOldPasswordErrorNotificaationMessagesInGeneratePasswordField" time="13.802"/>
  <testcase classname="Sanity.ForgotPasswordTest" name="verifySuccessNotificationMessageInResetPasswordPageTestUsingNewLink" time="25.51"/>
  <testcase classname="Sanity.ForgotPasswordTest" name="verifyResetPasswordUsingExpiredLinkAfterResetingPasswordSuccessfuly" time="10.047"/>
  <testcase classname="Sanity.ForgotPasswordTest" name="verifyMaximumAttemptsErrorNotificationMessagesInForgotPasswordPage" time="29.515"/>
  <testcase classname="Sanity.ForgotPasswordTest" name="emailFieldErrorMessageInForgotPasswordPageTest" time="0.0">
    <ignored/>
  </testcase> <!-- emailFieldErrorMessageInForgotPasswordPageTest -->
  <testcase classname="Sanity.ForgotPasswordTest" name="verifyInvalidEmailIDErrorNotificationMessagesInForgotPasswordPage" time="0.0">
    <ignored/>
  </testcase> <!-- verifyInvalidEmailIDErrorNotificationMessagesInForgotPasswordPage -->
  <testcase classname="kycee.Base.BaseClass" name="@BeforeTest beforeTestMethod" time="0.0">
    <ignored/>
  </testcase> <!-- @BeforeTest beforeTestMethod -->
  <testcase classname="kycee.Base.BaseClass" name="@AfterTest afterTest" time="0.0">
    <ignored/>
  </testcase> <!-- @AfterTest afterTest -->
  <testcase classname="Sanity.ForgotPasswordTest" name="verifyNavigationToSignUpPageFromForgotPasswordPage" time="0.0">
    <ignored/>
  </testcase> <!-- verifyNavigationToSignUpPageFromForgotPasswordPage -->
  <testcase classname="Sanity.ForgotPasswordTest" name="verifyNavigationToSignInPageFromForgotPasswordPage" time="0.0">
    <ignored/>
  </testcase> <!-- verifyNavigationToSignInPageFromForgotPasswordPage -->
</testsuite> <!-- Test -->
