<?xml version="1.0" encoding="UTF-8"?>
<testng-results ignored="0" total="1" passed="1" failed="0" skipped="0">
  <reporter-output>
  </reporter-output>
  <suite started-at="2024-08-08T16:49:06 IST" name="Suite" finished-at="2024-08-08T16:50:02 IST" duration-ms="55332">
    <groups>
    </groups>
    <test started-at="2024-08-08T16:49:06 IST" name="Test" finished-at="2024-08-08T16:50:02 IST" duration-ms="55332">
      <class name="Sanity.SampleTest">
        <test-method is-config="true" signature="beforeTestMethod()[pri:0, instance:Sanity.SampleTest@3eb25e1a]" started-at="2024-08-08T16:49:06 IST" name="beforeTestMethod" finished-at="2024-08-08T16:49:07 IST" duration-ms="882" status="PASS">
          <reporter-output>
          </reporter-output>
        </test-method> <!-- beforeTestMethod -->
        <test-method is-config="true" signature="beforeMethodMethod(java.lang.String,java.lang.reflect.Method)[pri:0, instance:Sanity.SampleTest@3eb25e1a]" started-at="2024-08-08T16:49:07 IST" name="beforeMethodMethod" finished-at="2024-08-08T16:49:40 IST" duration-ms="32514" status="PASS">
          <params>
            <param index="0">
              <value>
                <![CDATA[edge]]>
              </value>
            </param>
            <param index="1">
              <value>
                <![CDATA[public void Sanity.SampleTest.verifyUsingBloggerLogin() throws java.lang.InterruptedException,java.io.IOException]]>
              </value>
            </param>
          </params>
          <reporter-output>
          </reporter-output>
        </test-method> <!-- beforeMethodMethod -->
        <test-method signature="verifyUsingBloggerLogin()[pri:0, instance:Sanity.SampleTest@3eb25e1a]" started-at="2024-08-08T16:49:40 IST" name="verifyUsingBloggerLogin" finished-at="2024-08-08T16:50:01 IST" duration-ms="21492" status="PASS">
          <reporter-output>
          </reporter-output>
        </test-method> <!-- verifyUsingBloggerLogin -->
        <test-method is-config="true" signature="afterMethod(org.testng.ITestResult)[pri:0, instance:Sanity.SampleTest@3eb25e1a]" started-at="2024-08-08T16:50:01 IST" name="afterMethod" finished-at="2024-08-08T16:50:02 IST" duration-ms="205" status="PASS">
          <params>
            <param index="0">
              <value>
                <![CDATA[[TestResult name=verifyUsingBloggerLogin status=SUCCESS method=SampleTest.verifyUsingBloggerLogin()[pri:0, instance:Sanity.SampleTest@3eb25e1a] output={null}]]]>
              </value>
            </param>
          </params>
          <reporter-output>
          </reporter-output>
        </test-method> <!-- afterMethod -->
        <test-method is-config="true" signature="afterTest()[pri:0, instance:Sanity.SampleTest@3eb25e1a]" started-at="2024-08-08T16:50:02 IST" name="afterTest" finished-at="2024-08-08T16:50:02 IST" duration-ms="209" status="PASS">
          <reporter-output>
          </reporter-output>
        </test-method> <!-- afterTest -->
      </class> <!-- Sanity.SampleTest -->
    </test> <!-- Test -->
  </suite> <!-- Suite -->
</testng-results>
