<?xml version="1.0" encoding="UTF-8"?>
<testng-results ignored="0" total="1" passed="1" failed="0" skipped="0">
  <reporter-output>
  </reporter-output>
  <suite started-at="2024-08-08T16:46:27 IST" name="Suite" finished-at="2024-08-08T16:47:03 IST" duration-ms="36089">
    <groups>
    </groups>
    <test started-at="2024-08-08T16:46:27 IST" name="Test" finished-at="2024-08-08T16:47:03 IST" duration-ms="36089">
      <class name="Sanity.SampleTest">
        <test-method is-config="true" signature="beforeTestMethod()[pri:0, instance:Sanity.SampleTest@50caa560]" started-at="2024-08-08T16:46:27 IST" name="beforeTestMethod" finished-at="2024-08-08T16:46:28 IST" duration-ms="976" status="PASS">
          <reporter-output>
          </reporter-output>
        </test-method> <!-- beforeTestMethod -->
        <test-method is-config="true" signature="beforeMethodMethod(java.lang.String,java.lang.reflect.Method)[pri:0, instance:Sanity.SampleTest@50caa560]" started-at="2024-08-08T16:46:28 IST" name="beforeMethodMethod" finished-at="2024-08-08T16:46:36 IST" duration-ms="7380" status="PASS">
          <params>
            <param index="0">
              <value>
                <![CDATA[chrome]]>
              </value>
            </param>
            <param index="1">
              <value>
                <![CDATA[public void Sanity.SampleTest.verifyUsingBloggerLogin() throws java.lang.InterruptedException,java.io.IOException]]>
              </value>
            </param>
          </params>
          <reporter-output>
          </reporter-output>
        </test-method> <!-- beforeMethodMethod -->
        <test-method signature="verifyUsingBloggerLogin()[pri:0, instance:Sanity.SampleTest@50caa560]" started-at="2024-08-08T16:46:36 IST" name="verifyUsingBloggerLogin" finished-at="2024-08-08T16:47:03 IST" duration-ms="27372" status="PASS">
          <reporter-output>
          </reporter-output>
        </test-method> <!-- verifyUsingBloggerLogin -->
        <test-method is-config="true" signature="afterMethod(org.testng.ITestResult)[pri:0, instance:Sanity.SampleTest@50caa560]" started-at="2024-08-08T16:47:03 IST" name="afterMethod" finished-at="2024-08-08T16:47:03 IST" duration-ms="125" status="PASS">
          <params>
            <param index="0">
              <value>
                <![CDATA[[TestResult name=verifyUsingBloggerLogin status=SUCCESS method=SampleTest.verifyUsingBloggerLogin()[pri:0, instance:Sanity.SampleTest@50caa560] output={null}]]]>
              </value>
            </param>
          </params>
          <reporter-output>
          </reporter-output>
        </test-method> <!-- afterMethod -->
        <test-method is-config="true" signature="afterTest()[pri:0, instance:Sanity.SampleTest@50caa560]" started-at="2024-08-08T16:47:03 IST" name="afterTest" finished-at="2024-08-08T16:47:03 IST" duration-ms="204" status="PASS">
          <reporter-output>
          </reporter-output>
        </test-method> <!-- afterTest -->
      </class> <!-- Sanity.SampleTest -->
    </test> <!-- Test -->
  </suite> <!-- Suite -->
</testng-results>
